<?xml version="1.0" encoding="UTF-8"?>
<!-- Generated by org.testng.reporters.JUnitXMLReporter -->
<testsuite hostname="Sumedha" name="Test" tests="1" failures="1" timestamp="29 Jun 2019 08:07:07 GMT" time="133.785" errors="0">
  <testcase name="validLlogin" time="21.856" classname="com.learnframework.testcases.LoginCRM">
    <failure type="java.lang.AssertionError" message="Failed expected [Gogle] but found [Online Shopping Site for Mobiles, Electronics, Furniture, Grocery, Lifestyle, Books &amp;amp; More. Best Offers!]">
      <![CDATA[java.lang.AssertionError: Failed expected [Gogle] but found [Online Shopping Site for Mobiles, Electronics, Furniture, Grocery, Lifestyle, Books & More. Best Offers!]
	at com.learnframework.testcases.LoginCRM.validLlogin(LoginCRM.java:27)
... Removed 28 stack frames]]>
    </failure>
  </testcase> <!-- validLlogin -->
</testsuite> <!-- Test -->
